<?xml version="1.0" encoding="UTF-8"?>
<testsuite name="com.twu.biblioteca.CheckOutBookMenuItemTest" tests="1" skipped="0" failures="0" errors="0" timestamp="2015-02-27T12:38:41" hostname="INjuhijari.local" time="0.001">
  <properties/>
  <testcase name="should_ask_user_for_book_title" classname="com.twu.biblioteca.CheckOutBookMenuItemTest" time="0.001"/>
  <system-out><![CDATA[]]></system-out>
  <system-err><![CDATA[]]></system-err>
</testsuite>
