<?xml version="1.0" encoding="UTF-8"?>
<testsuite name="com.twu.biblioteca.BibliotecaAppTest" tests="2" skipped="0" failures="0" errors="0" timestamp="2015-02-27T12:38:41" hostname="INjuhijari.local" time="0.003">
  <properties/>
  <testcase name="shouldPrintWelcomeMessage" classname="com.twu.biblioteca.BibliotecaAppTest" time="0.003"/>
  <testcase name="shouldDisplayMenu" classname="com.twu.biblioteca.BibliotecaAppTest" time="0.0"/>
  <system-out><![CDATA[]]></system-out>
  <system-err><![CDATA[]]></system-err>
</testsuite>
