<?xml version="1.0" encoding="UTF-8"?>
<testsuite name="com.twu.biblioteca.CustomerTest" tests="2" skipped="0" failures="0" errors="0" timestamp="2015-02-27T12:38:41" hostname="INjuhijari.local" time="0.001">
  <properties/>
  <testcase name="should_return_book" classname="com.twu.biblioteca.CustomerTest" time="0.001"/>
  <testcase name="should_add_book" classname="com.twu.biblioteca.CustomerTest" time="0.0"/>
  <system-out><![CDATA[]]></system-out>
  <system-err><![CDATA[]]></system-err>
</testsuite>
