<?xml version="1.0" encoding="UTF-8"?>
<testsuite name="com.twu.biblioteca.BibliotecaLibraryTest" tests="4" skipped="0" failures="0" errors="0" timestamp="2015-02-27T12:38:41" hostname="INjuhijari.local" time="0.002">
  <properties/>
  <testcase name="shouldCheckoutBook" classname="com.twu.biblioteca.BibliotecaLibraryTest" time="0.001"/>
  <testcase name="shouldReturnBook" classname="com.twu.biblioteca.BibliotecaLibraryTest" time="0.0"/>
  <testcase name="shouldGetListOfBooks" classname="com.twu.biblioteca.BibliotecaLibraryTest" time="0.0"/>
  <testcase name="shouldSearchBook" classname="com.twu.biblioteca.BibliotecaLibraryTest" time="0.0"/>
  <system-out><![CDATA[]]></system-out>
  <system-err><![CDATA[]]></system-err>
</testsuite>
